Arguments: 
  /usr/local/Cellar/node/9.2.1/bin/node /usr/local/Cellar/yarn/1.3.2/libexec/bin/yarn.js install

PATH: 
  ~/.composer/vendor/bin:/usr/local/bin:/usr/bin:/bin:/usr/sbin:/sbin:/opt/X11/bin

Yarn version: 
  1.3.2

Node version: 
  9.2.1

Platform: 
  darwin x64

npm manifest: 
  {
    "name": "ngx-admin-lte",
    "version": "2.0.0-beta.2",
    "module": "dist/index.js",
    "types": "dist/index.d.ts",
    "license": "MIT",
    "description": "AdminLTE theme for angular",
    "scripts": {
      "lint": "tslint --config tslint.json --project tsconfig.json",
      "transpile": "tsc",
      "build": "npm run lint && npm run transpile",
      "compodoc": "./node_modules/.bin/compodoc -p tsconfig.json --output docs"
    },
    "private": false,
    "dependencies": {
      "@angular/common": ">=4.4.4",
      "@angular/core": ">=4.4.4",
      "@angular/http": ">=4.4.4",
      "@angular/platform-browser": ">=4.4.4",
      "@angular/platform-browser-dynamic": ">=4.4.4",
      "@angular/router": ">=4.4.4",
      "@ngx-translate/core": "^8.0.0",
      "@ngx-translate/http-loader": "^2.0.0",
      "admin-lte": "2.3.11",
      "angular2-toaster": "^4.0.1",
      "bootstrap": "^3.3.7",
      "core-js": "^2.5.1",
      "font-awesome": "^4.7.0",
      "ionicons": "^3.0.0",
      "jquery": "^3.2.1",
      "rxjs": "^5.4.3",
      "zone.js": "^0.8.17"
    },
    "devDependencies": {
      "@angular/compiler": "^4.4.4",
      "@angular/compiler-cli": "^4.4.4",
      "@compodoc/compodoc": "^1.0.1",
      "@types/node": "^8.0.28",
      "codelyzer": "~3.1.2",
      "ts-node": "~3.3.0",
      "tslint": "^5.9.1",
      "typescript": "^2.5.2"
    }
  }

yarn manifest: 
  No manifest

Lockfile: 
  No lockfile

Trace: 
  Error: socket hang up
      at TLSSocket.onConnectEnd (_tls_wrap.js:1073:19)
      at Object.onceWrapper (events.js:254:19)
      at TLSSocket.emit (events.js:164:20)
      at endReadableNT (_stream_readable.js:1054:12)
      at _combinedTickCallback (internal/process/next_tick.js:138:11)
      at process._tickCallback (internal/process/next_tick.js:180:9)
